[debug] [2025-01-05T19:45:34.560Z] ----------------------------------------------------------------------
[debug] [2025-01-05T19:45:34.562Z] Command:       /Users/omer/.nvm/versions/node/v23.5.0/bin/node /usr/local/bin/firebase deploy --only hosting
[debug] [2025-01-05T19:45:34.562Z] CLI Version:   13.28.0
[debug] [2025-01-05T19:45:34.562Z] Platform:      darwin
[debug] [2025-01-05T19:45:34.562Z] Node Version:  v23.5.0
[debug] [2025-01-05T19:45:34.563Z] Time:          Sun Jan 05 2025 22:45:34 GMT+0300 (Arabian Standard Time)
[debug] [2025-01-05T19:45:34.563Z] ----------------------------------------------------------------------
[debug] 
[debug] [2025-01-05T19:45:34.598Z] > command requires scopes: ["email","openid","https://www.googleapis.com/auth/cloudplatformprojects.readonly","https://www.googleapis.com/auth/firebase","https://www.googleapis.com/auth/cloud-platform"]
[debug] [2025-01-05T19:45:34.598Z] > authorizing via signed-in user (omaralhayali3@gmail.com)
[debug] [2025-01-05T19:45:34.598Z] [iam] checking project myclinicapp-3202a for permissions ["firebase.projects.get","firebasehosting.sites.update"]
[debug] [2025-01-05T19:45:34.598Z] Checked if tokens are valid: true, expires at: 1736109811983
[debug] [2025-01-05T19:45:34.599Z] Checked if tokens are valid: true, expires at: 1736109811983
[debug] [2025-01-05T19:45:34.599Z] >>> [apiv2][query] POST https://cloudresourcemanager.googleapis.com/v1/projects/myclinicapp-3202a:testIamPermissions [none]
[debug] [2025-01-05T19:45:34.599Z] >>> [apiv2][(partial)header] POST https://cloudresourcemanager.googleapis.com/v1/projects/myclinicapp-3202a:testIamPermissions x-goog-quota-user=projects/myclinicapp-3202a
[debug] [2025-01-05T19:45:34.599Z] >>> [apiv2][body] POST https://cloudresourcemanager.googleapis.com/v1/projects/myclinicapp-3202a:testIamPermissions {"permissions":["firebase.projects.get","firebasehosting.sites.update"]}
[debug] [2025-01-05T19:45:35.701Z] <<< [apiv2][status] POST https://cloudresourcemanager.googleapis.com/v1/projects/myclinicapp-3202a:testIamPermissions 200
[debug] [2025-01-05T19:45:35.702Z] <<< [apiv2][body] POST https://cloudresourcemanager.googleapis.com/v1/projects/myclinicapp-3202a:testIamPermissions {"permissions":["firebase.projects.get","firebasehosting.sites.update"]}
[debug] [2025-01-05T19:45:35.702Z] Checked if tokens are valid: true, expires at: 1736109811983
[debug] [2025-01-05T19:45:35.703Z] Checked if tokens are valid: true, expires at: 1736109811983
[debug] [2025-01-05T19:45:35.703Z] >>> [apiv2][query] GET https://firebase.googleapis.com/v1beta1/projects/myclinicapp-3202a [none]
